TN:
SF:src\app.ts
FN:13,(anonymous_1)
FNF:1
FNH:1
FNDA:1,(anonymous_1)
DA:1,1
DA:2,1
DA:3,1
DA:4,1
DA:6,1
DA:8,1
DA:9,1
DA:10,1
DA:13,1
DA:14,1
DA:17,1
DA:19,1
LF:12
LH:12
BRF:0
BRH:0
end_of_record
TN:
SF:src\data-source.ts
FN:18,(anonymous_16)
FN:18,(anonymous_17)
FNF:2
FNH:0
FNDA:0,(anonymous_16)
FNDA:0,(anonymous_17)
DA:1,1
DA:2,1
DA:3,1
DA:4,1
DA:6,1
DA:8,1
DA:18,1
DA:19,0
DA:20,0
DA:21,0
DA:23,0
DA:24,0
LF:12
LH:7
BRF:0
BRH:0
end_of_record
TN:
SF:src\controllers\auth.controller.ts
FN:5,(anonymous_7)
FN:14,(anonymous_9)
FN:23,(anonymous_11)
FN:33,(anonymous_13)
FN:42,(anonymous_15)
FNF:5
FNH:5
FNDA:2,(anonymous_7)
FNDA:2,(anonymous_9)
FNDA:1,(anonymous_11)
FNDA:1,(anonymous_13)
FNDA:1,(anonymous_15)
DA:2,1
DA:4,1
DA:6,2
DA:7,2
DA:8,1
DA:10,1
DA:15,2
DA:16,2
DA:17,1
DA:19,1
DA:24,1
DA:25,1
DA:26,1
DA:27,1
DA:29,0
DA:34,1
DA:35,1
DA:36,1
DA:38,0
DA:43,1
DA:44,1
DA:45,1
DA:46,1
DA:48,0
LF:24
LH:21
BRF:0
BRH:0
end_of_record
TN:
SF:src\entities\User.ts
FNF:0
FNH:0
DA:1,2
DA:4,2
DA:6,2
DA:9,2
DA:12,2
DA:15,2
DA:22,2
DA:25,2
DA:28,2
DA:31,2
DA:34,2
LF:11
LH:11
BRF:0
BRH:0
end_of_record
TN:
SF:src\routes\auth.routes.ts
FNF:0
FNH:0
DA:1,1
DA:2,1
DA:4,1
DA:6,1
DA:7,1
DA:8,1
DA:9,1
DA:10,1
DA:12,1
LF:9
LH:9
BRF:0
BRH:0
end_of_record
TN:
SF:src\services\auth.service.ts
FN:11,(anonymous_16)
FN:17,(anonymous_17)
FN:60,(anonymous_19)
FN:99,(anonymous_21)
FN:108,(anonymous_23)
FN:124,(anonymous_25)
FN:196,(anonymous_27)
FN:209,(anonymous_28)
FN:213,(anonymous_29)
FNF:9
FNH:5
FNDA:0,(anonymous_16)
FNDA:3,(anonymous_17)
FNDA:4,(anonymous_19)
FNDA:2,(anonymous_21)
FNDA:2,(anonymous_23)
FNDA:0,(anonymous_25)
FNDA:3,(anonymous_27)
FNDA:0,(anonymous_28)
FNDA:0,(anonymous_29)
DA:1,2
DA:2,2
DA:3,2
DA:4,2
DA:5,2
DA:6,2
DA:8,2
DA:12,0
DA:13,0
DA:15,0
DA:18,3
DA:19,3
DA:22,3
DA:23,3
DA:24,1
DA:28,2
DA:31,2
DA:32,2
DA:33,1
DA:37,2
DA:45,2
DA:48,2
DA:51,0
DA:57,0
DA:61,4
DA:62,4
DA:65,4
DA:66,4
DA:67,2
DA:69,1
DA:70,1
DA:76,1
DA:77,1
DA:79,1
DA:84,2
DA:85,2
DA:86,1
DA:90,1
DA:96,1
DA:100,2
DA:101,2
DA:102,2
DA:103,1
DA:105,1
DA:109,2
DA:110,2
DA:112,2
DA:113,2
DA:114,1
DA:117,1
DA:118,1
DA:120,1
DA:121,1
DA:125,0
DA:130,0
DA:131,0
DA:132,0
DA:133,0
DA:134,0
DA:136,0
DA:137,0
DA:139,0
DA:144,0
DA:145,0
DA:146,0
DA:147,0
DA:150,0
DA:151,0
DA:152,0
DA:153,0
DA:156,0
DA:158,0
DA:160,0
DA:161,0
DA:162,0
DA:163,0
DA:166,0
DA:167,0
DA:175,0
DA:178,0
DA:180,0
DA:183,0
DA:189,0
DA:191,0
DA:192,0
DA:197,3
DA:198,3
DA:209,3
DA:210,0
DA:213,3
DA:214,0
DA:217,0
DA:218,0
LF:93
LH:52
BRDA:12,0,0,0
BRDA:23,1,0,1
BRDA:31,2,0,2
BRDA:31,2,1,1
BRDA:32,3,0,1
BRDA:32,4,0,2
BRDA:32,4,1,2
BRDA:53,5,0,0
BRDA:53,5,1,0
BRDA:66,6,0,2
BRDA:67,7,0,1
BRDA:67,7,1,1
BRDA:67,8,0,2
BRDA:67,8,1,2
BRDA:85,9,0,1
BRDA:92,10,0,1
BRDA:92,10,1,1
BRDA:102,11,0,1
BRDA:113,12,0,1
BRDA:130,13,0,0
BRDA:130,13,1,0
BRDA:145,14,0,0
BRDA:145,15,0,0
BRDA:145,15,1,0
BRDA:152,16,0,0
BRDA:152,16,1,0
BRDA:160,17,0,0
BRDA:160,17,1,0
BRDA:161,18,0,0
BRDA:169,19,0,0
BRDA:169,19,1,0
BRDA:185,20,0,0
BRDA:185,20,1,0
BRDA:192,21,0,0
BRDA:192,21,1,0
BRF:35
BRH:16
end_of_record
